unown-base
unown-202
unown-203
unown-204
unown-205
unown-206
unown-207
unown-208
unown-209
unown-210
unown-211
unown-212
unown-213
unown-214
unown-215
unown-216
unown-217
unown-218
unown-219
unown-220
unown-221
unown-222
unown-223
unown-224
unown-225
unown-226
unown-227
unown-228
celebi-base
celebi-279
castform-base
castform-380
castform-381
castform-382
kecleon-base
-male
deoxys-base
deoxys-419
deoxys-420
deoxys-421
burmy-base
burmy-448
burmy-449
wormadam-base
wormadam-grass
wormadam-steel
cherrim-base
cherrim-461
shellos-base
shellos-463
gastrodon-base
gastrodon-465
shaymin-base
shaymin-flying
giratina-base
-genderless
dialga-base
-genderless
